Started GET "/" for 127.0.0.1 at 2023-08-08 09:51:14 -0400
Processing by WelcomeController#index as HTML
  Rendering layout layouts/application.html.erb
  Rendering welcome/index.html.erb within layouts/application
  Rendered welcome/index.html.erb within layouts/application (Duration: 1.3ms | Allocations: 331)
[Webpacker] Compiling...
[Webpacker] Compilation failed:
yarn run v1.22.19
info Visit https://yarnpkg.com/en/docs/cli/run for documentation about this command.


Calling `DidYouMean::SPELL_CHECKERS.merge!(error_name => spell_checker)' has been deprecated. Please call `DidYouMean.correct_error(error_name, spell_checker)' instead.
error Command "webpack" not found.

  Rendered layout layouts/application.html.erb (Duration: 1656.7ms | Allocations: 11049)
Completed 500 Internal Server Error in 1662ms (Allocations: 12766)


  
ActionView::Template::Error (Webpacker can't find application.js in /Users/tputbrese/projects/samples/ruby/rails_assets/public/packs/manifest.json. Possible causes:
1. You want to set webpacker.yml value of compile to true for your environment
   unless you are using the `webpack -w` or the webpack-dev-server.
2. webpack has not yet re-run to reflect updates.
3. You have misconfigured Webpacker's config/webpacker.yml file.
4. Your webpack configuration is not creating a manifest.
Your manifest contains:
{
}
):
     6:     <%= csp_meta_tag %>
     7: 
     8:     <%= stylesheet_link_tag 'application', media: 'all' %>
     9:     <%= javascript_pack_tag 'application' %>
    10:   </head>
    11: 
    12:   <body>
  
app/views/layouts/application.html.erb:9
Started GET "/" for 127.0.0.1 at 2023-08-08 09:55:02 -0400
Processing by WelcomeController#index as HTML
  Rendering layout layouts/application.html.erb
  Rendering welcome/index.html.erb within layouts/application
  Rendered welcome/index.html.erb within layouts/application (Duration: 0.0ms | Allocations: 4)
  Rendered layout layouts/application.html.erb (Duration: 8.6ms | Allocations: 2054)
Completed 200 OK in 10ms (Views: 9.4ms | Allocations: 2364)


Started GET "/" for 127.0.0.1 at 2023-08-08 10:07:46 -0400
Processing by WelcomeController#index as HTML
  Rendering layout layouts/application.html.erb
  Rendering welcome/index.html.erb within layouts/application
  Rendered welcome/index.html.erb within layouts/application (Duration: 1.3ms | Allocations: 333)
  Rendered layout layouts/application.html.erb (Duration: 23.9ms | Allocations: 4859)
Completed 200 OK in 31ms (Views: 29.8ms | Allocations: 6664)


Started GET "/" for 127.0.0.1 at 2023-08-08 10:13:02 -0400
Processing by WelcomeController#index as HTML
  Rendering layout layouts/application.html.erb
  Rendering welcome/index.html.erb within layouts/application
  Rendered welcome/index.html.erb within layouts/application (Duration: 1.4ms | Allocations: 333)
  Rendered layout layouts/application.html.erb (Duration: 19.6ms | Allocations: 4856)
Completed 200 OK in 26ms (Views: 24.8ms | Allocations: 6663)


Started GET "/" for 127.0.0.1 at 2023-08-08 10:16:22 -0400
Processing by WelcomeController#index as HTML
  Rendering layout layouts/application.html.erb
  Rendering welcome/index.html.erb within layouts/application
  Rendered welcome/index.html.erb within layouts/application (Duration: 1.0ms | Allocations: 102)
  Rendered layout layouts/application.html.erb (Duration: 6.8ms | Allocations: 2439)
Completed 200 OK in 12ms (Views: 10.0ms | Allocations: 3274)


Started GET "/" for 127.0.0.1 at 2023-08-08 10:16:24 -0400
Processing by WelcomeController#index as HTML
  Rendering layout layouts/application.html.erb
  Rendering welcome/index.html.erb within layouts/application
  Rendered welcome/index.html.erb within layouts/application (Duration: 0.0ms | Allocations: 4)
  Rendered layout layouts/application.html.erb (Duration: 4.1ms | Allocations: 1916)
Completed 200 OK in 5ms (Views: 4.4ms | Allocations: 2172)


Started GET "/" for 127.0.0.1 at 2023-08-08 10:18:44 -0400
Processing by WelcomeController#index as HTML
  Rendering layout layouts/application.html.erb
  Rendering welcome/index.html.erb within layouts/application
  Rendered welcome/index.html.erb within layouts/application (Duration: 0.0ms | Allocations: 4)
  Rendered layout layouts/application.html.erb (Duration: 22.4ms | Allocations: 1942)
Completed 200 OK in 23ms (Views: 22.7ms | Allocations: 2180)


Started GET "/" for 127.0.0.1 at 2023-08-08 10:18:45 -0400
Processing by WelcomeController#index as HTML
  Rendering layout layouts/application.html.erb
  Rendering welcome/index.html.erb within layouts/application
  Rendered welcome/index.html.erb within layouts/application (Duration: 0.1ms | Allocations: 4)
  Rendered layout layouts/application.html.erb (Duration: 4.0ms | Allocations: 1930)
Completed 200 OK in 5ms (Views: 4.4ms | Allocations: 2170)


Started GET "/" for 127.0.0.1 at 2023-08-08 10:20:54 -0400
Processing by WelcomeController#index as HTML
  Rendering layout layouts/application.html.erb
  Rendering welcome/index.html.erb within layouts/application
  Rendered welcome/index.html.erb within layouts/application (Duration: 0.0ms | Allocations: 9)
  Rendered layout layouts/application.html.erb (Duration: 4.6ms | Allocations: 2206)
Completed 200 OK in 6ms (Views: 5.7ms | Allocations: 2755)


Started GET "/" for 127.0.0.1 at 2023-08-08 10:20:55 -0400
Processing by WelcomeController#index as HTML
  Rendering layout layouts/application.html.erb
  Rendering welcome/index.html.erb within layouts/application
  Rendered welcome/index.html.erb within layouts/application (Duration: 0.0ms | Allocations: 4)
  Rendered layout layouts/application.html.erb (Duration: 3.8ms | Allocations: 1921)
Completed 200 OK in 4ms (Views: 4.2ms | Allocations: 2171)


Started GET "/" for 127.0.0.1 at 2023-08-08 10:21:01 -0400
Processing by WelcomeController#index as HTML
  Rendering layout layouts/application.html.erb
  Rendering welcome/index.html.erb within layouts/application
  Rendered welcome/index.html.erb within layouts/application (Duration: 0.0ms | Allocations: 4)
  Rendered layout layouts/application.html.erb (Duration: 3.5ms | Allocations: 1946)
Completed 200 OK in 4ms (Views: 3.9ms | Allocations: 2188)


Started GET "/" for 127.0.0.1 at 2023-08-08 10:21:13 -0400
Processing by WelcomeController#index as HTML
  Rendering layout layouts/application.html.erb
  Rendering welcome/index.html.erb within layouts/application
  Rendered welcome/index.html.erb within layouts/application (Duration: 1.4ms | Allocations: 326)
  Rendered layout layouts/application.html.erb (Duration: 18.8ms | Allocations: 4846)
Completed 200 OK in 25ms (Views: 23.9ms | Allocations: 6651)


Started GET "/" for 127.0.0.1 at 2023-08-08 10:21:15 -0400
Processing by WelcomeController#index as HTML
  Rendering layout layouts/application.html.erb
  Rendering welcome/index.html.erb within layouts/application
  Rendered welcome/index.html.erb within layouts/application (Duration: 0.0ms | Allocations: 4)
  Rendered layout layouts/application.html.erb (Duration: 4.4ms | Allocations: 1911)
Completed 200 OK in 5ms (Views: 4.8ms | Allocations: 2182)


Started GET "/" for 127.0.0.1 at 2023-08-08 10:24:20 -0400
Processing by WelcomeController#index as HTML
  Rendering layout layouts/application.html.erb
  Rendering welcome/index.html.erb within layouts/application
  Rendered welcome/index.html.erb within layouts/application (Duration: 0.0ms | Allocations: 9)
  Rendered layout layouts/application.html.erb (Duration: 3.8ms | Allocations: 2215)
Completed 200 OK in 41ms (Views: 4.6ms | Allocations: 16397)


Started GET "/" for 127.0.0.1 at 2023-08-08 10:24:21 -0400
Processing by WelcomeController#index as HTML
  Rendering layout layouts/application.html.erb
  Rendering welcome/index.html.erb within layouts/application
  Rendered welcome/index.html.erb within layouts/application (Duration: 0.0ms | Allocations: 4)
  Rendered layout layouts/application.html.erb (Duration: 3.4ms | Allocations: 1926)
Completed 200 OK in 4ms (Views: 3.8ms | Allocations: 2275)


Started GET "/" for 127.0.0.1 at 2023-08-08 10:24:47 -0400
Processing by WelcomeController#index as HTML
  Rendering layout layouts/application.html.erb
  Rendering welcome/index.html.erb within layouts/application
  Rendered welcome/index.html.erb within layouts/application (Duration: 1.2ms | Allocations: 326)
  Rendered layout layouts/application.html.erb (Duration: 17.3ms | Allocations: 4849)
Completed 200 OK in 53ms (Views: 22.0ms | Allocations: 20676)


Started GET "/" for 127.0.0.1 at 2023-08-08 10:25:08 -0400
Processing by WelcomeController#index as HTML
  Rendering layout layouts/application.html.erb
  Rendering welcome/index.html.erb within layouts/application
  Rendered welcome/index.html.erb within layouts/application (Duration: 0.0ms | Allocations: 9)
  Rendered layout layouts/application.html.erb (Duration: 3.7ms | Allocations: 2214)
Completed 200 OK in 6ms (Views: 4.3ms | Allocations: 3275)


Started GET "/" for 127.0.0.1 at 2023-08-08 10:25:09 -0400
Processing by WelcomeController#index as HTML
  Rendering layout layouts/application.html.erb
  Rendering welcome/index.html.erb within layouts/application
  Rendered welcome/index.html.erb within layouts/application (Duration: 0.1ms | Allocations: 4)
  Rendered layout layouts/application.html.erb (Duration: 5.5ms | Allocations: 1916)
Completed 200 OK in 7ms (Views: 6.2ms | Allocations: 2266)


Started GET "/" for 127.0.0.1 at 2023-08-08 10:25:19 -0400
Processing by WelcomeController#index as HTML
Completed 500 Internal Server Error in 10ms (Allocations: 3037)


  
ActiveRecord::ConnectionNotEstablished (connection to server on socket "/tmp/.s.PGSQL.5432" failed: No such file or directory
	Is the server running locally and accepting connections on that socket?
):
  
app/controllers/welcome_controller.rb:3:in `index'
Started GET "/" for 127.0.0.1 at 2023-08-08 10:25:47 -0400
Processing by WelcomeController#index as HTML
Completed 500 Internal Server Error in 8ms (Allocations: 4623)


  
NoMethodError (undefined method `connect' for Post:Class
Did you mean?  connected?):
  
app/controllers/welcome_controller.rb:3:in `index'
Started GET "/" for 127.0.0.1 at 2023-08-08 10:26:21 -0400
Processing by WelcomeController#index as HTML
Completed 500 Internal Server Error in 2ms (Allocations: 1344)


  
ActiveRecord::ConnectionNotEstablished (connection to server on socket "/tmp/.s.PGSQL.5432" failed: No such file or directory
	Is the server running locally and accepting connections on that socket?
):
  
app/controllers/welcome_controller.rb:3:in `index'
Started GET "/" for 127.0.0.1 at 2023-08-08 10:27:09 -0400
Processing by WelcomeController#index as HTML
Completed 500 Internal Server Error in 7ms (Allocations: 1109)


  
ActiveRecord::NoDatabaseError (connection to server on socket "/tmp/.s.PGSQL.5432" failed: FATAL:  database "rails_assets_development" does not exist
):
  
app/controllers/welcome_controller.rb:3:in `index'
  [1m[35m (275.9ms)[0m  [1m[35mCREATE DATABASE "rails_assets_development" ENCODING = 'unicode'[0m
  [1m[35m (282.8ms)[0m  [1m[35mCREATE DATABASE "rails_assets_test" ENCODING = 'unicode'[0m
Started GET "/" for 127.0.0.1 at 2023-08-08 10:28:21 -0400
Processing by WelcomeController#index as HTML
  Rendering layout layouts/application.html.erb
  Rendering welcome/index.html.erb within layouts/application
  Rendered welcome/index.html.erb within layouts/application (Duration: 0.0ms | Allocations: 9)
  Rendered layout layouts/application.html.erb (Duration: 5.9ms | Allocations: 2216)
Completed 200 OK in 58ms (Views: 6.9ms | ActiveRecord: 13.8ms | Allocations: 8167)


Started GET "/" for 127.0.0.1 at 2023-08-08 10:28:23 -0400
Processing by WelcomeController#index as HTML
  Rendering layout layouts/application.html.erb
  Rendering welcome/index.html.erb within layouts/application
  Rendered welcome/index.html.erb within layouts/application (Duration: 0.0ms | Allocations: 4)
  Rendered layout layouts/application.html.erb (Duration: 3.7ms | Allocations: 1915)
Completed 200 OK in 4ms (Views: 4.1ms | ActiveRecord: 0.0ms | Allocations: 2179)


Started GET "/" for 127.0.0.1 at 2023-08-08 10:29:34 -0400
Processing by WelcomeController#index as HTML
  Rendering layout layouts/application.html.erb
  Rendering welcome/index.html.erb within layouts/application
  Rendered welcome/index.html.erb within layouts/application (Duration: 0.0ms | Allocations: 9)
  Rendered layout layouts/application.html.erb (Duration: 4.5ms | Allocations: 2206)
Completed 200 OK in 7ms (Views: 5.2ms | ActiveRecord: 0.0ms | Allocations: 3294)


Started GET "/" for 127.0.0.1 at 2023-08-08 10:30:58 -0400
Processing by WelcomeController#index as HTML
  [1m[36mPost Load (0.5ms)[0m  [1m[34mSELECT "posts".* FROM "posts"[0m
Completed 500 Internal Server Error in 3ms (ActiveRecord: 0.5ms | Allocations: 1196)


  
ActiveRecord::StatementInvalid (PG::UndefinedTable: ERROR:  relation "posts" does not exist
LINE 1: SELECT "posts".* FROM "posts"
                              ^
):
  
app/controllers/welcome_controller.rb:3:in `index'
  [1m[35m (13.2ms)[0m  [1m[35mCREATE TABLE "schema_migrations" ("version" character varying NOT NULL PRIMARY KEY)[0m
  [1m[35m (6.3ms)[0m  [1m[35mCREATE TABLE "ar_internal_metadata" ("key" character varying NOT NULL PRIMARY KEY, "value" character varying, "created_at" timestamp(6) NOT NULL, "updated_at" timestamp(6) NOT NULL)[0m
  [1m[35m (0.2ms)[0m  [1m[34mSELECT pg_try_advisory_lock(1550605846906669665)[0m
  [1m[35m (1.6ms)[0m  [1m[34mSELECT "schema_migrations"."version" FROM "schema_migrations" ORDER BY "schema_migrations"."version" ASC[0m
Migrating to CreatePosts (20230808142048)
  [1m[36mTRANSACTION (0.1ms)[0m  [1m[35mBEGIN[0m
  [1m[35m (6.3ms)[0m  [1m[35mCREATE TABLE "posts" ("id" bigserial primary key, "created_at" timestamp(6) NOT NULL, "updated_at" timestamp(6) NOT NULL)[0m
  [1m[36mActiveRecord::SchemaMigration Create (0.3ms)[0m  [1m[32mINSERT INTO "schema_migrations" ("version") VALUES ($1) RETURNING "version"[0m  [["version", "20230808142048"]]
  [1m[36mTRANSACTION (0.3ms)[0m  [1m[35mCOMMIT[0m
  [1m[36mActiveRecord::InternalMetadata Load (2.6ms)[0m  [1m[34mSELECT "ar_internal_metadata".* FROM "ar_internal_metadata" WHERE "ar_internal_metadata"."key" = $1 LIMIT $2[0m  [["key", "environment"], ["LIMIT", 1]]
  [1m[36mTRANSACTION (0.1ms)[0m  [1m[35mBEGIN[0m
  [1m[36mActiveRecord::InternalMetadata Create (0.4ms)[0m  [1m[32mINSERT INTO "ar_internal_metadata" ("key", "value", "created_at", "updated_at") VALUES ($1, $2, $3, $4) RETURNING "key"[0m  [["key", "environment"], ["value", "development"], ["created_at", "2023-08-08 14:31:33.538744"], ["updated_at", "2023-08-08 14:31:33.538744"]]
  [1m[36mTRANSACTION (0.2ms)[0m  [1m[35mCOMMIT[0m
  [1m[35m (0.2ms)[0m  [1m[34mSELECT pg_advisory_unlock(1550605846906669665)[0m
  [1m[35m (1.8ms)[0m  [1m[34mSELECT "schema_migrations"."version" FROM "schema_migrations" ORDER BY "schema_migrations"."version" ASC[0m
Started GET "/" for 127.0.0.1 at 2023-08-08 10:32:00 -0400
Processing by WelcomeController#index as HTML
  [1m[36mPost Load (1.1ms)[0m  [1m[34mSELECT "posts".* FROM "posts"[0m
  Rendering layout layouts/application.html.erb
  Rendering welcome/index.html.erb within layouts/application
  Rendered welcome/index.html.erb within layouts/application (Duration: 0.0ms | Allocations: 9)
  Rendered layout layouts/application.html.erb (Duration: 3.9ms | Allocations: 2210)
Completed 200 OK in 11ms (Views: 4.6ms | ActiveRecord: 1.1ms | Allocations: 4056)


Started GET "/" for 127.0.0.1 at 2023-08-08 10:34:32 -0400
Processing by WelcomeController#index as HTML
  [1m[36mPost Load (0.2ms)[0m  [1m[34mSELECT "posts".* FROM "posts"[0m
  Rendering layout layouts/application.html.erb
  Rendering welcome/index.html.erb within layouts/application
  Rendered welcome/index.html.erb within layouts/application (Duration: 0.1ms | Allocations: 4)
  Rendered layout layouts/application.html.erb (Duration: 5.6ms | Allocations: 1919)
Completed 200 OK in 8ms (Views: 6.1ms | ActiveRecord: 0.2ms | Allocations: 2379)


Started GET "/" for 127.0.0.1 at 2023-08-08 10:34:44 -0400
Processing by WelcomeController#index as HTML
Completed 500 Internal Server Error in 1ms (Allocations: 206)


  
PG::UnableToSend (reset has failed):
  
app/controllers/welcome_controller.rb:3:in `index'
Started GET "/" for 127.0.0.1 at 2023-08-08 10:34:52 -0400
Processing by WelcomeController#index as HTML
Completed 500 Internal Server Error in 1ms (Allocations: 920)


  
ActiveRecord::ConnectionNotEstablished (connection to server on socket "/tmp/.s.PGSQL.5432" failed: No such file or directory
	Is the server running locally and accepting connections on that socket?
):
  
app/controllers/welcome_controller.rb:3:in `index'
Started GET "/" for 127.0.0.1 at 2023-08-08 10:34:54 -0400
Processing by WelcomeController#index as HTML
Completed 500 Internal Server Error in 1ms (Allocations: 910)


  
ActiveRecord::ConnectionNotEstablished (connection to server on socket "/tmp/.s.PGSQL.5432" failed: No such file or directory
	Is the server running locally and accepting connections on that socket?
):
  
app/controllers/welcome_controller.rb:3:in `index'
Started GET "/" for 127.0.0.1 at 2023-08-08 13:13:41 -0400
Processing by WelcomeController#index as HTML
Completed 500 Internal Server Error in 1ms (Allocations: 905)


  
ActiveRecord::ConnectionNotEstablished (connection to server on socket "/tmp/.s.PGSQL.5432" failed: No such file or directory
	Is the server running locally and accepting connections on that socket?
):
  
app/controllers/welcome_controller.rb:3:in `index'
Started GET "/" for 127.0.0.1 at 2023-08-08 13:13:43 -0400
Processing by WelcomeController#index as HTML
Completed 500 Internal Server Error in 1ms (Allocations: 905)


  
ActiveRecord::ConnectionNotEstablished (connection to server on socket "/tmp/.s.PGSQL.5432" failed: No such file or directory
	Is the server running locally and accepting connections on that socket?
):
  
app/controllers/welcome_controller.rb:3:in `index'
  [1m[36mPost Load (9.7ms)[0m  [1m[34mSELECT "posts".* FROM "posts"[0m
